<?xml version="1.0" encoding="UTF-8"?>
<Site BuildName="Darwin-clang++"
	BuildStamp="20221201-1908-Experimental"
	Name="Davids-MacBook-Pro.local"
	Generator="ctest-3.25.0"
	CompilerName="/usr/bin/clang++"
	CompilerVersion="14.0.0.14000029"
	OSName="macOS"
	Hostname="Davids-MacBook-Pro.local"
	OSRelease="13.0.1"
	OSVersion="22A400"
	OSPlatform="arm64"
	Is64Bits="1"
	VendorString="IBM"
	VendorID="IBM"
	FamilyID="16777228"
	ModelID="2"
	ProcessorCacheSize="131072"
	NumberOfLogicalCPU="10"
	NumberOfPhysicalCPU="10"
	TotalVirtualMemory="5120"
	TotalPhysicalMemory="16384"
	LogicalProcessorsPerPhysical="10"
	ProcessorClockFrequency="0"
	>
	<Testing>
		<StartDateTime>Dec 01 20:08 CET</StartDateTime>
		<StartTestTime>1669921738</StartTestTime>
		<TestList/>
		<EndDateTime>Dec 01 20:08 CET</EndDateTime>
		<EndTestTime>1669921738</EndTestTime>
		<ElapsedMinutes>0</ElapsedMinutes>
	</Testing>
</Site>
